1639243660295	geckodriver	INFO	Listening on 127.0.0.1:50946
1639243663357	mozrunner::runner	INFO	Running command: "C:\\Program Files\\Mozilla Firefox\\firefox.exe" "--marionette" "--remote-debugging-port" "50947" "-no-remote" "-profile" "C:\\Users\\G3N3RI~1\\AppData\\Local\\Temp\\rust_mozprofile5E33bo"
1639243663776	Marionette	INFO	Marionette enabled
console.warn: SearchSettings: "get: No settings file exists, new profile?" (new NotFoundError("Could not open the file at C:\\Users\\g3n3ric_us3r\\AppData\\Local\\Temp\\rust_mozprofile5E33bo\\search.json.mozlz4", (void 0)))
DevTools listening on ws://localhost:50947/devtools/browser/6d966f85-574b-45aa-8883-69dd03ad0727
1639243666546	Marionette	INFO	Listening on port 50952
1639243667041	RemoteAgent	WARN	TLS certificate errors will be ignored for this session
1639243667388	Marionette	INFO	Stopped listening on port 50952
1639243721625	geckodriver	INFO	Listening on 127.0.0.1:51010
1639243724684	mozrunner::runner	INFO	Running command: "C:\\Program Files\\Mozilla Firefox\\firefox.exe" "--marionette" "--remote-debugging-port" "51011" "-no-remote" "-profile" "C:\\Users\\G3N3RI~1\\AppData\\Local\\Temp\\rust_mozprofileQojtUd"
1639243725042	Marionette	INFO	Marionette enabled
console.warn: SearchSettings: "get: No settings file exists, new profile?" (new NotFoundError("Could not open the file at C:\\Users\\g3n3ric_us3r\\AppData\\Local\\Temp\\rust_mozprofileQojtUd\\search.json.mozlz4", (void 0)))
DevTools listening on ws://localhost:51011/devtools/browser/4904eca3-fa0c-4e06-bef0-b5a92957a7f6
1639243727325	Marionette	INFO	Listening on port 51016
1639243727363	RemoteAgent	WARN	TLS certificate errors will be ignored for this session
1639243774151	Marionette	INFO	Stopped listening on port 51016
console.warn: TopSitesFeed: Failed to fetch data from Contile server: NetworkError when attempting to fetch resource.
1639244401843	geckodriver	INFO	Listening on 127.0.0.1:50137
1639244404953	mozrunner::runner	INFO	Running command: "C:\\Program Files\\Mozilla Firefox\\firefox.exe" "--marionette" "--remote-debugging-port" "50138" "-no-remote" "-profile" "C:\\Users\\G3N3RI~1\\AppData\\Local\\Temp\\rust_mozprofileCg2Jxq"
1639244405341	Marionette	INFO	Marionette enabled
console.warn: SearchSettings: "get: No settings file exists, new profile?" (new NotFoundError("Could not open the file at C:\\Users\\g3n3ric_us3r\\AppData\\Local\\Temp\\rust_mozprofileCg2Jxq\\search.json.mozlz4", (void 0)))
DevTools listening on ws://localhost:50138/devtools/browser/0f4d43b6-ff44-45f6-a786-37380e5c33fa
1639244407503	Marionette	INFO	Listening on port 50144
1639244407651	RemoteAgent	WARN	TLS certificate errors will be ignored for this session
1639244414138	Marionette	INFO	Stopped listening on port 50144
console.warn: TopSitesFeed: Failed to fetch data from Contile server: NetworkError when attempting to fetch resource.
1639244466621	geckodriver	INFO	Listening on 127.0.0.1:50210
1639244469688	mozrunner::runner	INFO	Running command: "C:\\Program Files\\Mozilla Firefox\\firefox.exe" "--marionette" "--remote-debugging-port" "50211" "-no-remote" "-profile" "C:\\Users\\G3N3RI~1\\AppData\\Local\\Temp\\rust_mozprofile3Yko82"
1639244470014	Marionette	INFO	Marionette enabled
console.warn: SearchSettings: "get: No settings file exists, new profile?" (new NotFoundError("Could not open the file at C:\\Users\\g3n3ric_us3r\\AppData\\Local\\Temp\\rust_mozprofile3Yko82\\search.json.mozlz4", (void 0)))
DevTools listening on ws://localhost:50211/devtools/browser/efee4dbb-66b7-4e98-b29a-f17f9c7adaf3
1639244472232	Marionette	INFO	Listening on port 50217
1639244472330	RemoteAgent	WARN	TLS certificate errors will be ignored for this session
1639244472616	Marionette	INFO	Stopped listening on port 50217

###!!! [Parent][MessageChannel] Error: (msgtype=0x39007A,name=PContent::Msg_DestroyBrowsingContextGroup) Closed channel: cannot send/recv

1639244523501	geckodriver	INFO	Listening on 127.0.0.1:50254
1639244526537	mozrunner::runner	INFO	Running command: "C:\\Program Files\\Mozilla Firefox\\firefox.exe" "--marionette" "--remote-debugging-port" "50255" "-no-remote" "-profile" "C:\\Users\\G3N3RI~1\\AppData\\Local\\Temp\\rust_mozprofileF5UDCt"
1639244526858	Marionette	INFO	Marionette enabled
console.warn: SearchSettings: "get: No settings file exists, new profile?" (new NotFoundError("Could not open the file at C:\\Users\\g3n3ric_us3r\\AppData\\Local\\Temp\\rust_mozprofileF5UDCt\\search.json.mozlz4", (void 0)))
DevTools listening on ws://localhost:50255/devtools/browser/a251b7a8-4a23-4324-aacc-484db912bcc3
1639244528863	Marionette	INFO	Listening on port 50260
1639244529190	RemoteAgent	WARN	TLS certificate errors will be ignored for this session
1639244529431	Marionette	INFO	Stopped listening on port 50260
1639244650288	geckodriver	INFO	Listening on 127.0.0.1:53887
1639244653358	mozrunner::runner	INFO	Running command: "C:\\Program Files\\Mozilla Firefox\\firefox.exe" "--marionette" "--remote-debugging-port" "53888" "-no-remote" "-profile" "C:\\Users\\G3N3RI~1\\AppData\\Local\\Temp\\rust_mozprofileJhMzjD"
1639244653673	Marionette	INFO	Marionette enabled
console.warn: SearchSettings: "get: No settings file exists, new profile?" (new NotFoundError("Could not open the file at C:\\Users\\g3n3ric_us3r\\AppData\\Local\\Temp\\rust_mozprofileJhMzjD\\search.json.mozlz4", (void 0)))
DevTools listening on ws://localhost:53888/devtools/browser/e79da821-1263-4ced-8f27-8cac3273e551
1639244655932	Marionette	INFO	Listening on port 53893
1639244656032	RemoteAgent	WARN	TLS certificate errors will be ignored for this session
1639244656382	Marionette	INFO	Stopped listening on port 53893

###!!! [Parent][RunMessage] Error: Channel closing: too late to send/recv, messages will be lost

1639244697979	geckodriver	INFO	Listening on 127.0.0.1:53945
1639244701042	mozrunner::runner	INFO	Running command: "C:\\Program Files\\Mozilla Firefox\\firefox.exe" "--marionette" "--remote-debugging-port" "53946" "-no-remote" "-profile" "C:\\Users\\G3N3RI~1\\AppData\\Local\\Temp\\rust_mozprofilexpxVad"
1639244701374	Marionette	INFO	Marionette enabled
console.warn: SearchSettings: "get: No settings file exists, new profile?" (new NotFoundError("Could not open the file at C:\\Users\\g3n3ric_us3r\\AppData\\Local\\Temp\\rust_mozprofilexpxVad\\search.json.mozlz4", (void 0)))
DevTools listening on ws://localhost:53946/devtools/browser/391bc7fd-e34c-479e-98c9-6fc5d3e7cf5d
1639244703644	Marionette	INFO	Listening on port 53951
1639244703721	RemoteAgent	WARN	TLS certificate errors will be ignored for this session
1639244704026	Marionette	INFO	Stopped listening on port 53951
1639244807945	geckodriver	INFO	Listening on 127.0.0.1:54004
1639244811012	mozrunner::runner	INFO	Running command: "C:\\Program Files\\Mozilla Firefox\\firefox.exe" "--marionette" "--remote-debugging-port" "54005" "-no-remote" "-profile" "C:\\Users\\G3N3RI~1\\AppData\\Local\\Temp\\rust_mozprofileuZXUE2"
1639244811329	Marionette	INFO	Marionette enabled
console.warn: SearchSettings: "get: No settings file exists, new profile?" (new NotFoundError("Could not open the file at C:\\Users\\g3n3ric_us3r\\AppData\\Local\\Temp\\rust_mozprofileuZXUE2\\search.json.mozlz4", (void 0)))
DevTools listening on ws://localhost:54005/devtools/browser/dfaab0ef-cd67-4e56-89f8-1bd058752973
1639244813618	Marionette	INFO	Listening on port 54011
1639244813673	RemoteAgent	WARN	TLS certificate errors will be ignored for this session
1639244813952	Marionette	INFO	Stopped listening on port 54011

###!!! [Parent][MessageChannel] Error: (msgtype=0x39007A,name=PContent::Msg_DestroyBrowsingContextGroup) Closed channel: cannot send/recv

1639244860660	geckodriver	INFO	Listening on 127.0.0.1:54051
1639244863736	mozrunner::runner	INFO	Running command: "C:\\Program Files\\Mozilla Firefox\\firefox.exe" "--marionette" "--remote-debugging-port" "54052" "-no-remote" "-profile" "C:\\Users\\G3N3RI~1\\AppData\\Local\\Temp\\rust_mozprofilefcW7xS"
1639244864049	Marionette	INFO	Marionette enabled
console.warn: SearchSettings: "get: No settings file exists, new profile?" (new NotFoundError("Could not open the file at C:\\Users\\g3n3ric_us3r\\AppData\\Local\\Temp\\rust_mozprofilefcW7xS\\search.json.mozlz4", (void 0)))
DevTools listening on ws://localhost:54052/devtools/browser/1db48ff4-44de-4a6c-aadd-f15b508a4109
1639244866077	Marionette	INFO	Listening on port 54057
1639244866405	RemoteAgent	WARN	TLS certificate errors will be ignored for this session
1639244866674	Marionette	INFO	Stopped listening on port 54057

###!!! [Parent][MessageChannel] Error: (msgtype=0x39007A,name=PContent::Msg_DestroyBrowsingContextGroup) Closed channel: cannot send/recv

1639245329300	geckodriver	INFO	Listening on 127.0.0.1:54175
1639245332328	mozrunner::runner	INFO	Running command: "C:\\Program Files\\Mozilla Firefox\\firefox.exe" "--marionette" "--remote-debugging-port" "54176" "-no-remote" "-profile" "C:\\Users\\G3N3RI~1\\AppData\\Local\\Temp\\rust_mozprofilecAWuDv"
1639245332664	Marionette	INFO	Marionette enabled
console.warn: SearchSettings: "get: No settings file exists, new profile?" (new NotFoundError("Could not open the file at C:\\Users\\g3n3ric_us3r\\AppData\\Local\\Temp\\rust_mozprofilecAWuDv\\search.json.mozlz4", (void 0)))
DevTools listening on ws://localhost:54176/devtools/browser/04b287e0-df7d-459d-8ab9-571a8fa39533
1639245334790	Marionette	INFO	Listening on port 54183
1639245334986	RemoteAgent	WARN	TLS certificate errors will be ignored for this session
1639245335837	Marionette	INFO	Stopped listening on port 54183

###!!! [Parent][MessageChannel] Error: (msgtype=0x39007A,name=PContent::Msg_DestroyBrowsingContextGroup) Closed channel: cannot send/recv

1639245468317	geckodriver	INFO	Listening on 127.0.0.1:54260
1639245471394	mozrunner::runner	INFO	Running command: "C:\\Program Files\\Mozilla Firefox\\firefox.exe" "--marionette" "--remote-debugging-port" "54261" "-no-remote" "-profile" "C:\\Users\\G3N3RI~1\\AppData\\Local\\Temp\\rust_mozprofilezZxY7e"
1639245471715	Marionette	INFO	Marionette enabled
console.warn: SearchSettings: "get: No settings file exists, new profile?" (new NotFoundError("Could not open the file at C:\\Users\\g3n3ric_us3r\\AppData\\Local\\Temp\\rust_mozprofilezZxY7e\\search.json.mozlz4", (void 0)))
DevTools listening on ws://localhost:54261/devtools/browser/ff365ce9-fbf0-477c-ab75-1d433de0dbf9
1639245473928	Marionette	INFO	Listening on port 54267
1639245474044	RemoteAgent	WARN	TLS certificate errors will be ignored for this session
1639245474879	Marionette	INFO	Stopped listening on port 54267

###!!! [Parent][MessageChannel] Error: (msgtype=0x39007A,name=PContent::Msg_DestroyBrowsingContextGroup) Closed channel: cannot send/recv

1640599051145	geckodriver	INFO	Listening on 127.0.0.1:60930
1640599054189	mozrunner::runner	INFO	Running command: "C:\\Program Files\\Mozilla Firefox\\firefox.exe" "--marionette" "--remote-debugging-port" "60931" "-no-remote" "-profile" "C:\\Users\\G3N3RI~1\\AppData\\Local\\Temp\\rust_mozprofileCDlQED"
1640599054667	Marionette	INFO	Marionette enabled
console.warn: SearchSettings: "get: No settings file exists, new profile?" (new NotFoundError("Could not open the file at C:\\Users\\g3n3ric_us3r\\AppData\\Local\\Temp\\rust_mozprofileCDlQED\\search.json.mozlz4", (void 0)))
DevTools listening on ws://localhost:60931/devtools/browser/dddbd14f-d990-48f9-91f6-32d91b1f79fe
1640599059780	Marionette	INFO	Listening on port 60937
1640599060013	RemoteAgent	WARN	TLS certificate errors will be ignored for this session
console.log: WebExtensions: reset-default-search: starting.
console.log: WebExtensions: reset-default-search: No addons in our list are installed.
JavaScript error: , line 0: NS_ERROR_NOT_AVAILABLE
JavaScript error: resource://gre/modules/PromiseWorker.jsm, line 106: Error: Could not get children of file(C:\Users\g3n3ric_us3r\AppData\Local\Temp\rust_mozprofileCDlQED\thumbnails) because it does not exist
1640603212963	Marionette	INFO	Stopped listening on port 60937
console.warn: TopSitesFeed: Failed to fetch data from Contile server: NetworkError when attempting to fetch resource.
ning on ws://localhost:61014/devtools/browser/ef3eec5b-3402-4598-b061-875abcd6bcc1
1640599120567	Marionette	INFO	Listening on port 61020
1640599120779	RemoteAgent	WARN	TLS certificate errors will be ignored for this session
1640599130097	Marionette	INFO	Stopped listening on port 61020
console.warn: TopSitesFeed: Failed to fetch data from Contile server: NetworkError when attempting to fetch resource.
1640599141295	geckodriver	INFO	Listening on 127.0.0.1:61088
1640599144372	mozrunner::runner	INFO	Running command: "C:\\Program Files\\Mozilla Firefox\\firefox.exe" "--marionette" "--remote-debugging-port" "61089" "-no-remote" "-profile" "C:\\Users\\G3N3RI~1\\AppData\\Local\\Temp\\rust_mozprofilevTd5en"
1640599144779	Marionette	INFO	Marionette enabled
console.warn: SearchSettings: "get: No settings file exists, new profile?" (new NotFoundError("Could not open the file at C:\\Users\\g3n3ric_us3r\\AppData\\Local\\Temp\\rust_mozprofilevTd5en\\search.json.mozlz4", (void 0)))
DevTools listening on ws://localhost:61089/devtools/browser/71838cf8-a5bc-44f0-afd6-5f2b92ecb815
1640599148337	Marionette	INFO	Listening on port 61095
1640599148765	RemoteAgent	WARN	TLS certificate errors will be ignored for this session
1640599163086	Marionette	INFO	Stopped listening on port 61095
console.warn: TopSitesFeed: Failed to fetch data from Contile server: NetworkError when attempting to fetch resource.

###!!! [Parent][MessageChannel] Error: (msgtype=0x39007A,name=PContent::Msg_DestroyBrowsingContextGroup) Closed channel: cannot send/recv

1640599187249	geckodriver	INFO	Listening on 127.0.0.1:61163
1640599190294	mozrunner::runner	INFO	Running command: "C:\\Program Files\\Mozilla Firefox\\firefox.exe" "--marionette" "--remote-debugging-port" "61164" "-no-remote" "-profile" "C:\\Users\\G3N3RI~1\\AppData\\Local\\Temp\\rust_mozprofileqfLrIy"
1640599190696	Marionette	INFO	Marionette enabled
console.warn: SearchSettings: "get: No settings file exists, new profile?" (new NotFoundError("Could not open the file at C:\\Users\\g3n3ric_us3r\\AppData\\Local\\Temp\\rust_mozprofileqfLrIy\\search.json.mozlz4", (void 0)))
DevTools listening on ws://localhost:61164/devtools/browser/dee60740-01ab-4f96-8f82-c136a300352b
1640599193149	Marionette	INFO	Listening on port 61170
1640599193476	RemoteAgent	WARN	TLS certificate errors will be ignored for this session
1640599198389	Marionette	INFO	Stopped listening on port 61170
console.warn: TopSitesFeed: Failed to fetch data from Contile server: NetworkError when attempting to fetch resource.
1640599299505	geckodriver	INFO	Listening on 127.0.0.1:61268
1640599302561	mozrunner::runner	INFO	Running command: "C:\\Program Files\\Mozilla Firefox\\firefox.exe" "--marionette" "--remote-debugging-port" "61269" "-no-remote" "-profile" "C:\\Users\\G3N3RI~1\\AppData\\Local\\Temp\\rust_mozprofile9HD2ln"
1640599302966	Marionette	INFO	Marionette enabled
console.warn: SearchSettings: "get: No settings file exists, new profile?" (new NotFoundError("Could not open the file at C:\\Users\\g3n3ric_us3r\\AppData\\Local\\Temp\\rust_mozprofile9HD2ln\\search.json.mozlz4", (void 0)))
DevTools listening on ws://localhost:61269/devtools/browser/a9e9629f-6ac9-43da-9437-3ba4f50c99ce
1640599305513	Marionette	INFO	Listening on port 61275
1640599305733	RemoteAgent	WARN	TLS certificate errors will be ignored for this session
1640599319666	Marionette	INFO	Stopped listening on port 61275
console.warn: TopSitesFeed: Failed to fetch data from Contile server: NetworkError when attempting to fetch resource.
1640599404783	geckodriver	INFO	Listening on 127.0.0.1:61373
1640599408111	mozrunner::runner	INFO	Running command: "C:\\Program Files\\Mozilla Firefox\\firefox.exe" "--marionette" "--remote-debugging-port" "61374" "-no-remote" "-profile" "C:\\Users\\G3N3RI~1\\AppData\\Local\\Temp\\rust_mozprofileiKvGac"
1640599408515	Marionette	INFO	Marionette enabled
console.warn: SearchSettings: "get: No settings file exists, new profile?" (new NotFoundError("Could not open the file at C:\\Users\\g3n3ric_us3r\\AppData\\Local\\Temp\\rust_mozprofileiKvGac\\search.json.mozlz4", (void 0)))
DevTools listening on ws://localhost:61374/devtools/browser/ac39b2ad-e72c-43fe-b29e-9d88ab2c8808
1640599411028	Marionette	INFO	Listening on port 61380
1640599411290	RemoteAgent	WARN	TLS certificate errors will be ignored for this session
1640599419004	Marionette	INFO	Stopped listening on port 61380
console.warn: TopSitesFeed: Failed to fetch data from Contile server: NetworkError when attempting to fetch resource.

###!!! [Parent][MessageChannel] Error: (msgtype=0x39007A,name=PContent::Msg_DestroyBrowsingContextGroup) Closed channel: cannot send/recv


###!!! [Child][MessageChannel] Error: (msgtype=0x230030,name=PBrowser::Msg___delete__) Channel closing: too late to send/recv, messages will be lost

[Parent 8780, IPC I/O Parent] WARNING: pipe error: 232: file /builds/worker/checkouts/gecko/ipc/chromium/src/chrome/common/ipc_channel_win.cc:542
1640599432568	geckodriver	INFO	Listening on 127.0.0.1:61445
1640599435616	mozrunner::runner	INFO	Running command: "C:\\Program Files\\Mozilla Firefox\\firefox.exe" "--marionette" "--remote-debugging-port" "61446" "-no-remote" "-profile" "C:\\Users\\G3N3RI~1\\AppData\\Local\\Temp\\rust_mozprofiledPwmbU"
1640599436089	Marionette	INFO	Marionette enabled
console.warn: SearchSettings: "get: No settings file exists, new profile?" (new NotFoundError("Could not open the file at C:\\Users\\g3n3ric_us3r\\AppData\\Local\\Temp\\rust_mozprofiledPwmbU\\search.json.mozlz4", (void 0)))
DevTools listening on ws://localhost:61446/devtools/browser/eebd2a8a-850b-458a-814b-bf9cd5eebda0
1640599438826	Marionette	INFO	Listening on port 61452
1640599439320	RemoteAgent	WARN	TLS certificate errors will be ignored for this session
1640599443932	Marionette	INFO	Stopped listening on port 61452

###!!! [Parent][MessageChannel] Error: (msgtype=0x39007A,name=PContent::Msg_DestroyBrowsingContextGroup) Closed channel: cannot send/recv


###!!! [Child][RunMessage] Error: Channel closing: too late to send/recv, messages will be lost


###!!! [Parent][RunMessage] Error: Channel error: cannot send/recv


###!!! [Parent][RunMessage] Error: Channel error: cannot send/recv


###!!! [Parent][RunMessage] Error: Channel error: cannot send/recv


###!!! [Parent][RunMessage] Error: Channel error: cannot send/recv

1640599520493	geckodriver	INFO	Listening on 127.0.0.1:61558
1640599523565	mozrunner::runner	INFO	Running command: "C:\\Program Files\\Mozilla Firefox\\firefox.exe" "--marionette" "--remote-debugging-port" "61559" "-no-remote" "-profile" "C:\\Users\\G3N3RI~1\\AppData\\Local\\Temp\\rust_mozprofileNpiOAJ"
1640599523924	Marionette	INFO	Marionette enabled
console.warn: SearchSettings: "get: No settings file exists, new profile?" (new NotFoundError("Could not open the file at C:\\Users\\g3n3ric_us3r\\AppData\\Local\\Temp\\rust_mozprofileNpiOAJ\\search.json.mozlz4", (void 0)))
DevTools listening on ws://localhost:61559/devtools/browser/53ad7e0f-1b92-4105-9856-c2788abfe5ef
1640599526276	Marionette	INFO	Listening on port 61568
1640599526732	RemoteAgent	WARN	TLS certificate errors will be ignored for this session
1640599530692	Marionette	INFO	Stopped listening on port 61568

###!!! [Parent][MessageChannel] Error: (msgtype=0x39007A,name=PContent::Msg_DestroyBrowsingContextGroup) Closed channel: cannot send/recv


###!!! [Child][RunMessage] Error: Channel closing: too late to send/recv, messages will be lost


###!!! [Parent][RunMessage] Error: Channel error: cannot send/recv


###!!! [Parent][RunMessage] Error: Channel error: cannot send/recv


###!!! [Parent][RunMessage] Error: Channel error: cannot send/recv


###!!! [Parent][RunMessage] Error: Channel error: cannot send/recv


###!!! [Parent][RunMessage] Error: Channel error: cannot send/recv


###!!! [Parent][RunMessage] Error: Channel error: cannot send/recv


###!!! [Parent][RunMessage] Error: Channel error: cannot send/recv


###!!! [Parent][RunMessage] Error: Channel error: cannot send/recv


###!!! [Parent][RunMessage] Error: Channel error: cannot send/recv


###!!! [Parent][RunMessage] Error: Channel error: cannot send/recv


###!!! [Parent][RunMessage] Error: Channel error: cannot send/recv


###!!! [Parent][RunMessage] Error: Channel closing: too late to send/recv, messages will be lost

1640599600003	geckodriver	INFO	Listening on 127.0.0.1:61763
1640599603111	mozrunner::runner	INFO	Running command: "C:\\Program Files\\Mozilla Firefox\\firefox.exe" "--marionette" "--remote-debugging-port" "61764" "-no-remote" "-profile" "C:\\Users\\G3N3RI~1\\AppData\\Local\\Temp\\rust_mozprofilehW9xSd"
1640599603473	Marionette	INFO	Marionette enabled
console.warn: SearchSettings: "get: No settings file exists, new profile?" (new NotFoundError("Could not open the file at C:\\Users\\g3n3ric_us3r\\AppData\\Local\\Temp\\rust_mozprofilehW9xSd\\search.json.mozlz4", (void 0)))
DevTools listening on ws://localhost:61764/devtools/browser/16142b7c-ea48-4560-81b6-e95000671467
1640599605848	Marionette	INFO	Listening on port 61770
1640599606276	RemoteAgent	WARN	TLS certificate errors will be ignored for this session
1640599606948	Marionette	INFO	Stopped listening on port 61770
1640599618550	geckodriver	INFO	Listening on 127.0.0.1:61830
1640599621615	mozrunner::runner	INFO	Running command: "C:\\Program Files\\Mozilla Firefox\\firefox.exe" "--marionette" "--remote-debugging-port" "61831" "-no-remote" "-profile" "C:\\Users\\G3N3RI~1\\AppData\\Local\\Temp\\rust_mozprofileB4Um6h"
1640599621947	Marionette	INFO	Marionette enabled
console.warn: SearchSettings: "get: No settings file exists, new profile?" (new NotFoundError("Could not open the file at C:\\Users\\g3n3ric_us3r\\AppData\\Local\\Temp\\rust_mozprofileB4Um6h\\search.json.mozlz4", (void 0)))
DevTools listening on ws://localhost:61831/devtools/browser/f12014b6-ea18-4f57-aef8-81a908a3d1a6
1640599624188	Marionette	INFO	Listening on port 61837
1640599624283	RemoteAgent	WARN	TLS certificate errors will be ignored for this session
1640599624919	Marionette	INFO	Stopped listening on port 61837

###!!! [Parent][MessageChannel] Error: (msgtype=0x39007A,name=PContent::Msg_DestroyBrowsingContextGroup) Closed channel: cannot send/recv

1640599691927	geckodriver	INFO	Listening on 127.0.0.1:61912
1640599695016	mozrunner::runner	INFO	Running command: "C:\\Program Files\\Mozilla Firefox\\firefox.exe" "--marionette" "--remote-debugging-port" "61913" "-no-remote" "-profile" "C:\\Users\\G3N3RI~1\\AppData\\Local\\Temp\\rust_mozprofile2wZMVN"
1640599695367	Marionette	INFO	Marionette enabled
console.warn: SearchSettings: "get: No settings file exists, new profile?" (new NotFoundError("Could not open the file at C:\\Users\\g3n3ric_us3r\\AppData\\Local\\Temp\\rust_mozprofile2wZMVN\\search.json.mozlz4", (void 0)))
DevTools listening on ws://localhost:61913/devtools/browser/4bef1b03-7fde-4c7f-acc9-05646d9c34b3
1640599697669	Marionette	INFO	Listening on port 61920
1640599697696	RemoteAgent	WARN	TLS certificate errors will be ignored for this session
1640599701711	Marionette	INFO	Stopped listening on port 61920

###!!! [Parent][MessageChannel] Error: (msgtype=0x39007A,name=PContent::Msg_DestroyBrowsingContextGroup) Closed channel: cannot send/recv


###!!! [Child][RunMessage] Error: Channel closing: too late to send/recv, messages will be lost


###!!! [Parent][RunMessage] Error: Channel error: cannot send/recv


###!!! [Parent][RunMessage] Error: Channel error: cannot send/recv


###!!! [Parent][RunMessage] Error: Channel error: cannot send/recv


###!!! [Parent][RunMessage] Error: Channel error: cannot send/recv


###!!! [Parent][RunMessage] Error: Channel error: cannot send/recv


###!!! [Parent][RunMessage] Error: Channel error: cannot send/recv


###!!! [Parent][RunMessage] Error: Channel error: cannot send/recv


###!!! [Parent][RunMessage] Error: Channel error: cannot send/recv


###!!! [Parent][RunMessage] Error: Channel error: cannot send/recv


###!!! [Parent][RunMessage] Error: Channel error: cannot send/recv


###!!! [Parent][RunMessage] Error: Channel error: cannot send/recv


###!!! [Parent][RunMessage] Error: Channel closing: too late to send/recv, messages will be lost

1640599728431	geckodriver	INFO	Listening on 127.0.0.1:61985
1640599731502	mozrunner::runner	INFO	Running command: "C:\\Program Files\\Mozilla Firefox\\firefox.exe" "--marionette" "--remote-debugging-port" "61986" "-no-remote" "-profile" "C:\\Users\\G3N3RI~1\\AppData\\Local\\Temp\\rust_mozprofileEZiEpV"
1640599731860	Marionette	INFO	Marionette enabled
console.warn: SearchSettings: "get: No settings file exists, new profile?" (new NotFoundError("Could not open the file at C:\\Users\\g3n3ric_us3r\\AppData\\Local\\Temp\\rust_mozprofileEZiEpV\\search.json.mozlz4", (void 0)))
DevTools listening on ws://localhost:61986/devtools/browser/e93efb51-0531-4765-a511-b869d507c679
1640599734014	Marionette	INFO	Listening on port 61992
1640599734158	RemoteAgent	WARN	TLS certificate errors will be ignored for this session
1640599738162	Marionette	INFO	Stopped listening on port 61992

###!!! [Parent][MessageChannel] Error: (msgtype=0x39007A,name=PContent::Msg_DestroyBrowsingContextGroup) Closed channel: cannot send/recv


###!!! [Child][RunMessage] Error: Channel closing: too late to send/recv, messages will be lost

1640601521586	geckodriver	INFO	Listening on 127.0.0.1:62836
1640601524650	mozrunner::runner	INFO	Running command: "C:\\Program Files\\Mozilla Firefox\\firefox.exe" "--marionette" "--remote-debugging-port" "62837" "-no-remote" "-profile" "C:\\Users\\G3N3RI~1\\AppData\\Local\\Temp\\rust_mozprofileNm0p65"
1640601525048	Marionette	INFO	Marionette enabled
console.warn: SearchSettings: "get: No settings file exists, new profile?" (new NotFoundError("Could not open the file at C:\\Users\\g3n3ric_us3r\\AppData\\Local\\Temp\\rust_mozprofileNm0p65\\search.json.mozlz4", (void 0)))
DevTools listening on ws://localhost:62837/devtools/browser/d3828c2c-797e-40f6-8a56-c9278e5a2d1f
1640601527145	Marionette	INFO	Listening on port 62843
1640601527309	RemoteAgent	WARN	TLS certificate errors will be ignored for this session
1640601531259	Marionette	INFO	Stopped listening on port 62843

###!!! [Parent][MessageChannel] Error: (msgtype=0x39007A,name=PContent::Msg_DestroyBrowsingContextGroup) Closed channel: cannot send/recv


###!!! [Parent][RunMessage] Error: Channel error: cannot send/recv


###!!! [Parent][RunMessage] Error: Channel error: cannot send/recv


###!!! [Parent][RunMessage] Error: Channel error: cannot send/recv


###!!! [Parent][RunMessage] Error: Channel error: cannot send/recv


###!!! [Parent][RunMessage] Error: Channel error: cannot send/recv

1640603526378	geckodriver	INFO	Listening on 127.0.0.1:64165
1640603529441	mozrunner::runner	INFO	Running command: "C:\\Program Files\\Mozilla Firefox\\firefox.exe" "--marionette" "--remote-debugging-port" "64166" "-no-remote" "-profile" "C:\\Users\\G3N3RI~1\\AppData\\Local\\Temp\\rust_mozprofilev9lFm8"
1640603529785	Marionette	INFO	Marionette enabled
console.warn: SearchSettings: "get: No settings file exists, new profile?" (new NotFoundError("Could not open the file at C:\\Users\\g3n3ric_us3r\\AppData\\Local\\Temp\\rust_mozprofilev9lFm8\\search.json.mozlz4", (void 0)))
DevTools listening on ws://localhost:64166/devtools/browser/df40290a-9a5b-4f4f-9c05-55e42f9aeb32
1640603531977	Marionette	INFO	Listening on port 64172
1640603532115	RemoteAgent	WARN	TLS certificate errors will be ignored for this session
1640603536013	Marionette	INFO	Stopped listening on port 64172

###!!! [Parent][MessageChannel] Error: (msgtype=0x39007A,name=PContent::Msg_DestroyBrowsingContextGroup) Closed channel: cannot send/recv


###!!! [Child][RunMessage] Error: Channel closing: too late to send/recv, messages will be lost


###!!! [Parent][RunMessage] Error: Channel error: cannot send/recv


###!!! [Parent][RunMessage] Error: Channel error: cannot send/recv


###!!! [Parent][RunMessage] Error: Channel error: cannot send/recv


###!!! [Parent][RunMessage] Error: Channel error: cannot send/recv


###!!! [Parent][RunMessage] Error: Channel error: cannot send/recv


###!!! [Parent][RunMessage] Error: Channel error: cannot send/recv


###!!! [Parent][RunMessage] Error: Channel error: cannot send/recv


###!!! [Parent][RunMessage] Error: Channel error: cannot send/recv


###!!! [Parent][RunMessage] Error: Channel error: cannot send/recv


###!!! [Parent][RunMessage] Error: Channel error: cannot send/recv


###!!! [Parent][RunMessage] Error: Channel error: cannot send/recv

1640603553715	geckodriver	INFO	Listening on 127.0.0.1:64234
1640603556793	mozrunner::runner	INFO	Running command: "C:\\Program Files\\Mozilla Firefox\\firefox.exe" "--marionette" "--remote-debugging-port" "64235" "-no-remote" "-profile" "C:\\Users\\G3N3RI~1\\AppData\\Local\\Temp\\rust_mozprofileZHhDTW"
1640603557173	Marionette	INFO	Marionette enabled
console.warn: SearchSettings: "get: No settings file exists, new profile?" (new NotFoundError("Could not open the file at C:\\Users\\g3n3ric_us3r\\AppData\\Local\\Temp\\rust_mozprofileZHhDTW\\search.json.mozlz4", (void 0)))
DevTools listening on ws://localhost:64235/devtools/browser/109c4eac-2672-413b-a70d-6a7bc4b8ef82
1640603559359	Marionette	INFO	Listening on port 64242
1640603559456	RemoteAgent	WARN	TLS certificate errors will be ignored for this session
1640603563573	Marionette	INFO	Stopped listening on port 64242

###!!! [Parent][MessageChannel] Error: (msgtype=0x39007A,name=PContent::Msg_DestroyBrowsingContextGroup) Closed channel: cannot send/recv


###!!! [Parent][RunMessage] Error: Channel error: cannot send/recv


###!!! [Parent][RunMessage] Error: Channel error: cannot send/recv


###!!! [Parent][RunMessage] Error: Channel error: cannot send/recv

1640603601529	geckodriver	INFO	Listening on 127.0.0.1:64312
1640603604594	mozrunner::runner	INFO	Running command: "C:\\Program Files\\Mozilla Firefox\\firefox.exe" "--marionette" "--remote-debugging-port" "64313" "-no-remote" "-profile" "C:\\Users\\G3N3RI~1\\AppData\\Local\\Temp\\rust_mozprofile1tI1NT"
1640603604948	Marionette	INFO	Marionette enabled
console.warn: SearchSettings: "get: No settings file exists, new profile?" (new NotFoundError("Could not open the file at C:\\Users\\g3n3ric_us3r\\AppData\\Local\\Temp\\rust_mozprofile1tI1NT\\search.json.mozlz4", (void 0)))
DevTools listening on ws://localhost:64313/devtools/browser/c0e658ea-f419-4baf-a2ec-bf0124a8ff38
1640603607067	Marionette	INFO	Listening on port 64319
1640603607254	RemoteAgent	WARN	TLS certificate errors will be ignored for this session
1640603610905	Marionette	INFO	Stopped listening on port 64319

###!!! [Parent][MessageChannel] Error: (msgtype=0x39007A,name=PContent::Msg_DestroyBrowsingContextGroup) Closed channel: cannot send/recv


###!!! [Child][RunMessage] Error: Channel closing: too late to send/recv, messages will be lost


###!!! [Parent][RunMessage] Error: Channel error: cannot send/recv


###!!! [Parent][RunMessage] Error: Channel error: cannot send/recv


###!!! [Parent][RunMessage] Error: Channel error: cannot send/recv


###!!! [Parent][RunMessage] Error: Channel error: cannot send/recv


###!!! [Parent][RunMessage] Error: Channel error: cannot send/recv


###!!! [Parent][RunMessage] Error: Channel error: cannot send/recv


###!!! [Parent][RunMessage] Error: Channel error: cannot send/recv


###!!! [Parent][RunMessage] Error: Channel error: cannot send/recv


###!!! [Parent][RunMessage] Error: Channel error: cannot send/recv


###!!! [Parent][RunMessage] Error: Channel error: cannot send/recv

1640604307772	geckodriver	INFO	Listening on 127.0.0.1:64667
1640604310854	mozrunner::runner	INFO	Running command: "C:\\Program Files\\Mozilla Firefox\\firefox.exe" "--marionette" "--remote-debugging-port" "64668" "-no-remote" "-profile" "C:\\Users\\G3N3RI~1\\AppData\\Local\\Temp\\rust_mozprofilemVAG60"
1640604311215	Marionette	INFO	Marionette enabled
console.warn: SearchSettings: "get: No settings file exists, new profile?" (new NotFoundError("Could not open the file at C:\\Users\\g3n3ric_us3r\\AppData\\Local\\Temp\\rust_mozprofilemVAG60\\search.json.mozlz4", (void 0)))
DevTools listening on ws://localhost:64668/devtools/browser/a6b22775-e08e-427f-94d8-f4fdbe680203
1640604313374	Marionette	INFO	Listening on port 64674
1640604313511	RemoteAgent	WARN	TLS certificate errors will be ignored for this session
1640604319942	Marionette	INFO	Stopped listening on port 64674
console.warn: TopSitesFeed: Failed to fetch data from Contile server: NetworkError when attempting to fetch resource.
[Parent 18976, IPC I/O Parent] WARNING: file /builds/worker/checkouts/gecko/ipc/chromium/src/base/process_util_win.cc:167
1640618547996	geckodriver	INFO	Listening on 127.0.0.1:55512
1640618551105	mozrunner::runner	INFO	Running command: "C:\\Program Files\\Mozilla Firefox\\firefox.exe" "--marionette" "--remote-debugging-port" "55513" "-no-remote" "-profile" "C:\\Users\\G3N3RI~1\\AppData\\Local\\Temp\\rust_mozprofileXWvMUG"
1640618551521	Marionette	INFO	Marionette enabled
console.warn: SearchSettings: "get: No settings file exists, new profile?" (new NotFoundError("Could not open the file at C:\\Users\\g3n3ric_us3r\\AppData\\Local\\Temp\\rust_mozprofileXWvMUG\\search.json.mozlz4", (void 0)))
DevTools listening on ws://localhost:55513/devtools/browser/d8fd01ab-7311-483a-aeef-a38d1ccb2503
1640618553696	Marionette	INFO	Listening on port 55520
1640618553769	RemoteAgent	WARN	TLS certificate errors will be ignored for this session
1640618559947	Marionette	INFO	Stopped listening on port 55520
console.warn: TopSitesFeed: Failed to fetch data from Contile server: NetworkError when attempting to fetch resource.
1640619100227	geckodriver	INFO	Listening on 127.0.0.1:64802
1640619103271	mozrunner::runner	INFO	Running command: "C:\\Program Files\\Mozilla Firefox\\firefox.exe" "--marionette" "--remote-debugging-port" "64803" "-no-remote" "-profile" "C:\\Users\\G3N3RI~1\\AppData\\Local\\Temp\\rust_mozprofilekoT1y6"
1640619103630	Marionette	INFO	Marionette enabled
console.warn: SearchSettings: "get: No settings file exists, new profile?" (new NotFoundError("Could not open the file at C:\\Users\\g3n3ric_us3r\\AppData\\Local\\Temp\\rust_mozprofilekoT1y6\\search.json.mozlz4", (void 0)))
DevTools listening on ws://localhost:64803/devtools/browser/e675181d-6199-44de-9c41-f5c385657afe
1640619105962	Marionette	INFO	Listening on port 64808
1640619106453	RemoteAgent	WARN	TLS certificate errors will be ignored for this session
1640619112966	Marionette	INFO	Stopped listening on port 64808
console.warn: TopSitesFeed: Failed to fetch data from Contile server: NetworkError when attempting to fetch resource.
1640619184212	geckodriver	INFO	Listening on 127.0.0.1:64866
1640619187295	mozrunner::runner	INFO	Running command: "C:\\Program Files\\Mozilla Firefox\\firefox.exe" "--marionette" "--remote-debugging-port" "64869" "-no-remote" "-profile" "C:\\Users\\G3N3RI~1\\AppData\\Local\\Temp\\rust_mozprofileiFTWd9"
1640619187644	Marionette	INFO	Marionette enabled
console.warn: SearchSettings: "get: No settings file exists, new profile?" (new NotFoundError("Could not open the file at C:\\Users\\g3n3ric_us3r\\AppData\\Local\\Temp\\rust_mozprofileiFTWd9\\search.json.mozlz4", (void 0)))
DevTools listening on ws://localhost:64869/devtools/browser/8c4e6935-ef2f-45fe-a7b5-c1ba64302212
1640619189943	Marionette	INFO	Listening on port 64875
1640619189958	RemoteAgent	WARN	TLS certificate errors will be ignored for this session
1640619193258	Marionette	INFO	Stopped listening on port 64875

###!!! [Child][RunMessage] Error: Channel closing: too late to send/recv, messages will be lost

1640619226603	geckodriver	INFO	Listening on 127.0.0.1:64941
1640619229680	mozrunner::runner	INFO	Running command: "C:\\Program Files\\Mozilla Firefox\\firefox.exe" "--marionette" "--remote-debugging-port" "64942" "-no-remote" "-profile" "C:\\Users\\G3N3RI~1\\AppData\\Local\\Temp\\rust_mozprofileWqS1EM"
1640619230025	Marionette	INFO	Marionette enabled
console.warn: SearchSettings: "get: No settings file exists, new profile?" (new NotFoundError("Could not open the file at C:\\Users\\g3n3ric_us3r\\AppData\\Local\\Temp\\rust_mozprofileWqS1EM\\search.json.mozlz4", (void 0)))
DevTools listening on ws://localhost:64942/devtools/browser/75780e4b-ca5c-4163-9370-c3e4a12dacb8
1640619232343	Marionette	INFO	Listening on port 64948
1640619232846	RemoteAgent	WARN	TLS certificate errors will be ignored for this session
1640619238148	Marionette	INFO	Stopped listening on port 64948
1640619288850	geckodriver	INFO	Listening on 127.0.0.1:57492
1640619291911	mozrunner::runner	INFO	Running command: "C:\\Program Files\\Mozilla Firefox\\firefox.exe" "--marionette" "--remote-debugging-port" "57493" "-no-remote" "-profile" "C:\\Users\\G3N3RI~1\\AppData\\Local\\Temp\\rust_mozprofileqJFSav"
1640619292280	Marionette	INFO	Marionette enabled
console.warn: SearchSettings: "get: No settings file exists, new profile?" (new NotFoundError("Could not open the file at C:\\Users\\g3n3ric_us3r\\AppData\\Local\\Temp\\rust_mozprofileqJFSav\\search.json.mozlz4", (void 0)))
DevTools listening on ws://localhost:57493/devtools/browser/5820956e-a1ae-434f-aea4-e7b8182946ee
1640619294340	Marionette	INFO	Listening on port 57498
1640619294567	RemoteAgent	WARN	TLS certificate errors will be ignored for this session
1640619301044	Marionette	INFO	Stopped listening on port 57498
console.warn: TopSitesFeed: Failed to fetch data from Contile server: NetworkError when attempting to fetch resource.
1640619366250	geckodriver	INFO	Listening on 127.0.0.1:57561
1640619369303	mozrunner::runner	INFO	Running command: "C:\\Program Files\\Mozilla Firefox\\firefox.exe" "--marionette" "--remote-debugging-port" "57562" "-no-remote" "-profile" "C:\\Users\\G3N3RI~1\\AppData\\Local\\Temp\\rust_mozprofileQDnQm7"
1640619369669	Marionette	INFO	Marionette enabled
console.warn: SearchSettings: "get: No settings file exists, new profile?" (new NotFoundError("Could not open the file at C:\\Users\\g3n3ric_us3r\\AppData\\Local\\Temp\\rust_mozprofileQDnQm7\\search.json.mozlz4", (void 0)))
DevTools listening on ws://localhost:57562/devtools/browser/8a8eb7e8-0537-4acf-b735-f513f49a3189
1640619371688	Marionette	INFO	Listening on port 57568
1640619371960	RemoteAgent	WARN	TLS certificate errors will be ignored for this session
1640619372539	Marionette	INFO	Stopped listening on port 57568

###!!! [Parent][MessageChannel] Error: (msgtype=0x39007A,name=PContent::Msg_DestroyBrowsingContextGroup) Closed channel: cannot send/recv

1640620199561	geckodriver	INFO	Listening on 127.0.0.1:50247
1640620202636	mozrunner::runner	INFO	Running command: "C:\\Program Files\\Mozilla Firefox\\firefox.exe" "--marionette" "--remote-debugging-port" "50248" "-no-remote" "-profile" "C:\\Users\\G3N3RI~1\\AppData\\Local\\Temp\\rust_mozprofileMv9dB1"
1640620202980	Marionette	INFO	Marionette enabled
console.warn: SearchSettings: "get: No settings file exists, new profile?" (new NotFoundError("Could not open the file at C:\\Users\\g3n3ric_us3r\\AppData\\Local\\Temp\\rust_mozprofileMv9dB1\\search.json.mozlz4", (void 0)))
DevTools listening on ws://localhost:50248/devtools/browser/00d742c3-fd6a-4cb4-b9d8-755324f67baf
1640620205150	Marionette	INFO	Listening on port 50254
1640620205300	RemoteAgent	WARN	TLS certificate errors will be ignored for this session
console.log: WebExtensions: reset-default-search: starting.
console.log: WebExtensions: reset-default-search: No addons in our list are installed.
1640620753345	Marionette	INFO	Stopped listening on port 50254
console.warn: TopSitesFeed: Failed to fetch data from Contile server: NetworkError when attempting to fetch resource.

###!!! [Parent][RunMessage] Error: Channel closing: too late to send/recv, messages will be lost

 NotFoundError("Could not open the file at C:\\Users\\g3n3ric_us3r\\AppData\\Local\\Temp\\rust_mozprofile8v0Zmu\\search.json.mozlz4", (void 0)))
DevTools listening on ws://localhost:50314/devtools/browser/8728b9bb-e457-4bb6-8d68-e8981e35f61b
1640620246078	Marionette	INFO	Listening on port 50319
1640620246256	RemoteAgent	WARN	TLS certificate errors will be ignored for this session
console.log: WebExtensions: reset-default-search: starting.
console.log: WebExtensions: reset-default-search: No addons in our list are installed.
1640620754909	Marionette	INFO	Stopped listening on port 50319
console.warn: TopSitesFeed: Failed to fetch data from Contile server: NetworkError when attempting to fetch resource.
FO	Marionette enabled
console.warn: SearchSettings: "get: No settings file exists, new profile?" (new NotFoundError("Could not open the file at C:\\Users\\g3n3ric_us3r\\AppData\\Local\\Temp\\rust_mozprofileUVtjCs\\search.json.mozlz4", (void 0)))
DevTools listening on ws://localhost:50393/devtools/browser/e5841810-cceb-46d1-8b9c-8397eae56c20
1640620356013	Marionette	INFO	Listening on port 50398
1640620356480	RemoteAgent	WARN	TLS certificate errors will be ignored for this session
1640620475662	Marionette	INFO	Stopped listening on port 50398
console.warn: TopSitesFeed: Failed to fetch data from Contile server: NetworkError when attempting to fetch resource.
1640620522288	geckodriver	INFO	Listening on 127.0.0.1:50475
1640620525375	mozrunner::runner	INFO	Running command: "C:\\Program Files\\Mozilla Firefox\\firefox.exe" "--marionette" "--remote-debugging-port" "50476" "-no-remote" "-profile" "C:\\Users\\G3N3RI~1\\AppData\\Local\\Temp\\rust_mozprofile4JdvKn"
1640620525736	Marionette	INFO	Marionette enabled
console.warn: SearchSettings: "get: No settings file exists, new profile?" (new NotFoundError("Could not open the file at C:\\Users\\g3n3ric_us3r\\AppData\\Local\\Temp\\rust_mozprofile4JdvKn\\search.json.mozlz4", (void 0)))
DevTools listening on ws://localhost:50476/devtools/browser/f27dc9e3-6a9b-4e39-befc-c7a2000f5983
1640620528342	Marionette	INFO	Listening on port 50481
1640620528535	RemoteAgent	WARN	TLS certificate errors will be ignored for this session
console.log: WebExtensions: reset-default-search: starting.
console.log: WebExtensions: reset-default-search: No addons in our list are installed.
JavaScript error: , line 0: NS_ERROR_NOT_AVAILABLE
1640621573463	Marionette	INFO	Stopped listening on port 50481
console.warn: TopSitesFeed: Failed to fetch data from Contile server: NetworkError when attempting to fetch resource.

###!!! [Parent][RunMessage] Error: Channel closing: too late to send/recv, messages will be lost

\\g3n3ric_us3r\\AppData\\Local\\Temp\\rust_mozprofilegvnTWY\\search.json.mozlz4", (void 0)))
DevTools listening on ws://localhost:50542/devtools/browser/a24d1ad1-b68d-4139-ba58-1c316f45a9f2
1640620539258	Marionette	INFO	Listening on port 50548
1640620539691	RemoteAgent	WARN	TLS certificate errors will be ignored for this session
1640620749875	Marionette	INFO	Stopped listening on port 50548
console.warn: TopSitesFeed: Failed to fetch data from Contile server: NetworkError when attempting to fetch resource.

###!!! [Parent][RunMessage] Error: Channel closing: too late to send/recv, messages will be lost

1640621324598	geckodriver	INFO	Listening on 127.0.0.1:54484
1640621327665	mozrunner::runner	INFO	Running command: "C:\\Program Files\\Mozilla Firefox\\firefox.exe" "--marionette" "--remote-debugging-port" "54485" "-no-remote" "-profile" "C:\\Users\\G3N3RI~1\\AppData\\Local\\Temp\\rust_mozprofileJ39a1h"
1640621328024	Marionette	INFO	Marionette enabled
console.warn: SearchSettings: "get: No settings file exists, new profile?" (new NotFoundError("Could not open the file at C:\\Users\\g3n3ric_us3r\\AppData\\Local\\Temp\\rust_mozprofileJ39a1h\\search.json.mozlz4", (void 0)))
DevTools listening on ws://localhost:54485/devtools/browser/72412336-4fef-42fa-8345-5b059908638a
1640621330114	Marionette	INFO	Listening on port 54490
1640621330336	RemoteAgent	WARN	TLS certificate errors will be ignored for this session
1640621332406	Marionette	INFO	Stopped listening on port 54490

###!!! [Parent][MessageChannel] Error: (msgtype=0x39007A,name=PContent::Msg_DestroyBrowsingContextGroup) Closed channel: cannot send/recv

1640621368503	geckodriver	INFO	Listening on 127.0.0.1:54545
1640621371555	mozrunner::runner	INFO	Running command: "C:\\Program Files\\Mozilla Firefox\\firefox.exe" "--marionette" "--remote-debugging-port" "54546" "-no-remote" "-profile" "C:\\Users\\G3N3RI~1\\AppData\\Local\\Temp\\rust_mozprofileA9QiFx"
1640621371887	Marionette	INFO	Marionette enabled
console.warn: SearchSettings: "get: No settings file exists, new profile?" (new NotFoundError("Could not open the file at C:\\Users\\g3n3ric_us3r\\AppData\\Local\\Temp\\rust_mozprofileA9QiFx\\search.json.mozlz4", (void 0)))
DevTools listening on ws://localhost:54546/devtools/browser/f9199ef9-ccb2-4216-ba59-17fa8336643d
1640621373854	Marionette	INFO	Listening on port 54551
1640621374233	RemoteAgent	WARN	TLS certificate errors will be ignored for this session
1640621467657	Marionette	INFO	Stopped listening on port 54551
0621445034	mozrunner::runner	INFO	Running command: "C:\\Program Files\\Mozilla Firefox\\firefox.exe" "--marionette" "--remote-debugging-port" "54620" "-no-remote" "-profile" "C:\\Users\\G3N3RI~1\\AppData\\Local\\Temp\\rust_mozprofileRyZv5A"
1640621445431	Marionette	INFO	Marionette enabled
console.warn: SearchSettings: "get: No settings file exists, new profile?" (new NotFoundError("Could not open the file at C:\\Users\\g3n3ric_us3r\\AppData\\Local\\Temp\\rust_mozprofileRyZv5A\\search.json.mozlz4", (void 0)))
DevTools listening on ws://localhost:54620/devtools/browser/74222b98-e082-457b-b7af-f65c7823b0a0
1640621447774	Marionette	INFO	Listening on port 54625
1640621448196	RemoteAgent	WARN	TLS certificate errors will be ignored for this session
1640621450013	Marionette	INFO	Stopped listening on port 54625
JavaScript error: resource://gre/modules/UrlClassifierListManager.jsm, line 691: TypeError: this.tablesData[table] is undefined

###!!! [Parent][MessageChannel] Error: (msgtype=0x39007A,name=PContent::Msg_DestroyBrowsingContextGroup) Closed channel: cannot send/recv

1640621451094	geckodriver	INFO	Listening on 127.0.0.1:54685
1640621454131	mozrunner::runner	INFO	Running command: "C:\\Program Files\\Mozilla Firefox\\firefox.exe" "--marionette" "--remote-debugging-port" "54686" "-no-remote" "-profile" "C:\\Users\\G3N3RI~1\\AppData\\Local\\Temp\\rust_mozprofileFDJtOz"
1640621454470	Marionette	INFO	Marionette enabled
console.warn: SearchSettings: "get: No settings file exists, new profile?" (new NotFoundError("Could not open the file at C:\\Users\\g3n3ric_us3r\\AppData\\Local\\Temp\\rust_mozprofileFDJtOz\\search.json.mozlz4", (void 0)))
DevTools listening on ws://localhost:54686/devtools/browser/8c359c12-9418-4de4-b2d9-c3fa9c16b337
1640621456584	Marionette	INFO	Listening on port 54692
1640621456808	RemoteAgent	WARN	TLS certificate errors will be ignored for this session
1640621458641	Marionette	INFO	Stopped listening on port 54692
JavaScript error: resource://gre/modules/UrlClassifierListManager.jsm, line 691: TypeError: this.tablesData[table] is undefined

###!!! [Child][RunMessage] Error: Channel closing: too late to send/recv, messages will be lost


###!!! [Parent][MessageChannel] Error: (msgtype=0x39007A,name=PContent::Msg_DestroyBrowsingContextGroup) Closed channel: cannot send/recv

1640621506545	geckodriver	INFO	Listening on 127.0.0.1:54753
1640621509636	mozrunner::runner	INFO	Running command: "C:\\Program Files\\Mozilla Firefox\\firefox.exe" "--marionette" "--remote-debugging-port" "54754" "-no-remote" "-profile" "C:\\Users\\G3N3RI~1\\AppData\\Local\\Temp\\rust_mozprofileDCleCx"
1640621509972	Marionette	INFO	Marionette enabled
console.warn: SearchSettings: "get: No settings file exists, new profile?" (new NotFoundError("Could not open the file at C:\\Users\\g3n3ric_us3r\\AppData\\Local\\Temp\\rust_mozprofileDCleCx\\search.json.mozlz4", (void 0)))
DevTools listening on ws://localhost:54754/devtools/browser/fc2db098-e50c-4448-bb98-f7337e24d6ce
1640621512016	Marionette	INFO	Listening on port 54761
1640621512305	RemoteAgent	WARN	TLS certificate errors will be ignored for this session
1640621514496	Marionette	INFO	Stopped listening on port 54761

###!!! [Parent][MessageChannel] Error: (msgtype=0x39007A,name=PContent::Msg_DestroyBrowsingContextGroup) Closed channel: cannot send/recv


###!!! [Parent][RunMessage] Error: Channel closing: too late to send/recv, messages will be lost

1640621961447	geckodriver	INFO	Listening on 127.0.0.1:56354
1640621964516	mozrunner::runner	INFO	Running command: "C:\\Program Files\\Mozilla Firefox\\firefox.exe" "--marionette" "--remote-debugging-port" "56355" "-no-remote" "-profile" "C:\\Users\\G3N3RI~1\\AppData\\Local\\Temp\\rust_mozprofilexbQ8di"
1640621964875	Marionette	INFO	Marionette enabled
console.warn: SearchSettings: "get: No settings file exists, new profile?" (new NotFoundError("Could not open the file at C:\\Users\\g3n3ric_us3r\\AppData\\Local\\Temp\\rust_mozprofilexbQ8di\\search.json.mozlz4", (void 0)))
DevTools listening on ws://localhost:56355/devtools/browser/3279f73c-13c7-4ad1-a22a-751943cb3f06
1640621967056	Marionette	INFO	Listening on port 56362
1640621967176	RemoteAgent	WARN	TLS certificate errors will be ignored for this session
1640621969625	Marionette	INFO	Stopped listening on port 56362

###!!! [Parent][MessageChannel] Error: (msgtype=0x39007A,name=PContent::Msg_DestroyBrowsingContextGroup) Closed channel: cannot send/recv


###!!! [Parent][RunMessage] Error: Channel closing: too late to send/recv, messages will be lost

1640622115310	geckodriver	INFO	Listening on 127.0.0.1:56437
1640622118356	mozrunner::runner	INFO	Running command: "C:\\Program Files\\Mozilla Firefox\\firefox.exe" "--marionette" "--remote-debugging-port" "56438" "-no-remote" "-profile" "C:\\Users\\G3N3RI~1\\AppData\\Local\\Temp\\rust_mozprofileyzocUz"
1640622118742	Marionette	INFO	Marionette enabled
console.warn: SearchSettings: "get: No settings file exists, new profile?" (new NotFoundError("Could not open the file at C:\\Users\\g3n3ric_us3r\\AppData\\Local\\Temp\\rust_mozprofileyzocUz\\search.json.mozlz4", (void 0)))
DevTools listening on ws://localhost:56438/devtools/browser/e31afc14-d508-4169-b7fb-092897e424eb
1640622120715	Marionette	INFO	Listening on port 56443
1640622121040	RemoteAgent	WARN	TLS certificate errors will be ignored for this session
1640622123081	Marionette	INFO	Stopped listening on port 56443

###!!! [Parent][MessageChannel] Error: (msgtype=0x39007A,name=PContent::Msg_DestroyBrowsingContextGroup) Closed channel: cannot send/recv

1640622287937	geckodriver	INFO	Listening on 127.0.0.1:56530
1640622290989	mozrunner::runner	INFO	Running command: "C:\\Program Files\\Mozilla Firefox\\firefox.exe" "--marionette" "--remote-debugging-port" "56531" "-no-remote" "-profile" "C:\\Users\\G3N3RI~1\\AppData\\Local\\Temp\\rust_mozprofilebuTH6v"
1640622291342	Marionette	INFO	Marionette enabled
console.warn: SearchSettings: "get: No settings file exists, new profile?" (new NotFoundError("Could not open the file at C:\\Users\\g3n3ric_us3r\\AppData\\Local\\Temp\\rust_mozprofilebuTH6v\\search.json.mozlz4", (void 0)))
DevTools listening on ws://localhost:56531/devtools/browser/af9aec2b-9343-4341-9981-af30adf782d2
1640622293379	Marionette	INFO	Listening on port 56537
1640622293658	RemoteAgent	WARN	TLS certificate errors will be ignored for this session
1640622298457	Marionette	INFO	Stopped listening on port 56537
console.warn: TopSitesFeed: Failed to fetch data from Contile server: NetworkError when attempting to fetch resource.
1640622305836	geckodriver	INFO	Listening on 127.0.0.1:56599
1640622308945	mozrunner::runner	INFO	Running command: "C:\\Program Files\\Mozilla Firefox\\firefox.exe" "--marionette" "--remote-debugging-port" "56600" "-no-remote" "-profile" "C:\\Users\\G3N3RI~1\\AppData\\Local\\Temp\\rust_mozprofileZnZ0uG"
1640622309280	Marionette	INFO	Marionette enabled
console.warn: SearchSettings: "get: No settings file exists, new profile?" (new NotFoundError("Could not open the file at C:\\Users\\g3n3ric_us3r\\AppData\\Local\\Temp\\rust_mozprofileZnZ0uG\\search.json.mozlz4", (void 0)))
DevTools listening on ws://localhost:56600/devtools/browser/b3e5cf00-35bd-4864-8dff-ffd66a5ab7eb
1640622311224	Marionette	INFO	Listening on port 56606
1640622311613	RemoteAgent	WARN	TLS certificate errors will be ignored for this session
1640622313570	Marionette	INFO	Stopped listening on port 56606

###!!! [Parent][MessageChannel] Error: (msgtype=0x39007A,name=PContent::Msg_DestroyBrowsingContextGroup) Closed channel: cannot send/recv

1640622488708	geckodriver	INFO	Listening on 127.0.0.1:56689
1640622491765	mozrunner::runner	INFO	Running command: "C:\\Program Files\\Mozilla Firefox\\firefox.exe" "--marionette" "--remote-debugging-port" "56690" "-no-remote" "-profile" "C:\\Users\\G3N3RI~1\\AppData\\Local\\Temp\\rust_mozprofileZ8sSCS"
1640622492103	Marionette	INFO	Marionette enabled
console.warn: SearchSettings: "get: No settings file exists, new profile?" (new NotFoundError("Could not open the file at C:\\Users\\g3n3ric_us3r\\AppData\\Local\\Temp\\rust_mozprofileZ8sSCS\\search.json.mozlz4", (void 0)))
DevTools listening on ws://localhost:56690/devtools/browser/1cbca18e-0f7e-4210-afed-0967d0eb84ad
1640622494206	Marionette	INFO	Listening on port 56695
1640622494432	RemoteAgent	WARN	TLS certificate errors will be ignored for this session
1640622499538	Marionette	INFO	Stopped listening on port 56695
console.warn: TopSitesFeed: Failed to fetch data from Contile server: NetworkError when attempting to fetch resource.
1640622634192	geckodriver	INFO	Listening on 127.0.0.1:56793
1640622637273	mozrunner::runner	INFO	Running command: "C:\\Program Files\\Mozilla Firefox\\firefox.exe" "--marionette" "--remote-debugging-port" "56794" "-no-remote" "-profile" "C:\\Users\\G3N3RI~1\\AppData\\Local\\Temp\\rust_mozprofilePGMOIN"
1640622637620	Marionette	INFO	Marionette enabled
console.warn: SearchSettings: "get: No settings file exists, new profile?" (new NotFoundError("Could not open the file at C:\\Users\\g3n3ric_us3r\\AppData\\Local\\Temp\\rust_mozprofilePGMOIN\\search.json.mozlz4", (void 0)))
DevTools listening on ws://localhost:56794/devtools/browser/3981f834-729a-47cf-a474-0ba32998ecfe
1640622639731	Marionette	INFO	Listening on port 56800
1640622639959	RemoteAgent	WARN	TLS certificate errors will be ignored for this session
1640622641905	Marionette	INFO	Stopped listening on port 56800

###!!! [Child][RunMessage] Error: Channel closing: too late to send/recv, messages will be lost


###!!! [Parent][RunMessage] Error: Channel closing: too late to send/recv, messages will be lost

1640622655800	geckodriver	INFO	Listening on 127.0.0.1:56865
1640622658878	mozrunner::runner	INFO	Running command: "C:\\Program Files\\Mozilla Firefox\\firefox.exe" "--marionette" "--remote-debugging-port" "56866" "-no-remote" "-profile" "C:\\Users\\G3N3RI~1\\AppData\\Local\\Temp\\rust_mozprofileogvPT1"
1640622659220	Marionette	INFO	Marionette enabled
console.warn: SearchSettings: "get: No settings file exists, new profile?" (new NotFoundError("Could not open the file at C:\\Users\\g3n3ric_us3r\\AppData\\Local\\Temp\\rust_mozprofileogvPT1\\search.json.mozlz4", (void 0)))
DevTools listening on ws://localhost:56866/devtools/browser/992f9bc7-2d98-4412-bd07-01e4aa7d588c
1640622661558	Marionette	INFO	Listening on port 56871
1640622662060	RemoteAgent	WARN	TLS certificate errors will be ignored for this session
1640622664106	Marionette	INFO	Stopped listening on port 56871

###!!! [Parent][MessageChannel] Error: (msgtype=0x39007A,name=PContent::Msg_DestroyBrowsingContextGroup) Closed channel: cannot send/recv


###!!! [Parent][RunMessage] Error: Channel closing: too late to send/recv, messages will be lost

1640622806081	geckodriver	INFO	Listening on 127.0.0.1:56945
1640622809167	mozrunner::runner	INFO	Running command: "C:\\Program Files\\Mozilla Firefox\\firefox.exe" "--marionette" "--remote-debugging-port" "56946" "-no-remote" "-profile" "C:\\Users\\G3N3RI~1\\AppData\\Local\\Temp\\rust_mozprofile4fyJt7"
1640622809510	Marionette	INFO	Marionette enabled
console.warn: SearchSettings: "get: No settings file exists, new profile?" (new NotFoundError("Could not open the file at C:\\Users\\g3n3ric_us3r\\AppData\\Local\\Temp\\rust_mozprofile4fyJt7\\search.json.mozlz4", (void 0)))
DevTools listening on ws://localhost:56946/devtools/browser/904b31ed-4252-4cce-a770-f438b42b0e7b
1640622811625	Marionette	INFO	Listening on port 56951
1640622811820	RemoteAgent	WARN	TLS certificate errors will be ignored for this session
1640623299183	Marionette	INFO	Stopped listening on port 56951
console.warn: TopSitesFeed: Failed to fetch data from Contile server: NetworkError when attempting to fetch resource.
remote-debugging-port" "57134" "-no-remote" "-profile" "C:\\Users\\G3N3RI~1\\AppData\\Local\\Temp\\rust_mozprofile9v7ANW"
1640623144327	Marionette	INFO	Marionette enabled
console.warn: SearchSettings: "get: No settings file exists, new profile?" (new NotFoundError("Could not open the file at C:\\Users\\g3n3ric_us3r\\AppData\\Local\\Temp\\rust_mozprofile9v7ANW\\search.json.mozlz4", (void 0)))
DevTools listening on ws://localhost:57134/devtools/browser/1f7ed9cc-ebc4-4168-9767-49557d9c255f
1640623146574	Marionette	INFO	Listening on port 57139
1640623146605	RemoteAgent	WARN	TLS certificate errors will be ignored for this session
console.log: WebExtensions: reset-default-search: starting.
console.log: WebExtensions: reset-default-search: No addons in our list are installed.
1640623725202	Marionette	INFO	Stopped listening on port 57139

###!!! [Parent][RunMessage] Error: Channel closing: too late to send/recv, messages will be lost

220	Marionette	INFO	Marionette enabled
console.warn: SearchSettings: "get: No settings file exists, new profile?" (new NotFoundError("Could not open the file at C:\\Users\\g3n3ric_us3r\\AppData\\Local\\Temp\\rust_mozprofileMyX9vx\\search.json.mozlz4", (void 0)))
DevTools listening on ws://localhost:57925/devtools/browser/6cd3e027-60f6-4c1a-af02-1ebb89ed85cb
1640623619506	Marionette	INFO	Listening on port 57930
1640623620004	RemoteAgent	WARN	TLS certificate errors will be ignored for this session
1640623623048	Marionette	INFO	Stopped listening on port 57930

###!!! [Parent][MessageChannel] Error: (msgtype=0x39007A,name=PContent::Msg_DestroyBrowsingContextGroup) Closed channel: cannot send/recv


###!!! [Child][RunMessage] Error: Channel closing: too late to send/recv, messages will be lost

1641313777257	geckodriver	INFO	Listening on 127.0.0.1:62739
1641313780334	mozrunner::runner	INFO	Running command: "C:\\Program Files\\Mozilla Firefox\\firefox.exe" "--marionette" "--remote-debugging-port" "62740" "-no-remote" "-profile" "C:\\Users\\G3N3RI~1\\AppData\\Local\\Temp\\rust_mozprofileLgDrp7"
1641313780787	Marionette	INFO	Marionette enabled
console.warn: SearchSettings: "get: No settings file exists, new profile?" (new NotFoundError("Could not open the file at C:\\Users\\g3n3ric_us3r\\AppData\\Local\\Temp\\rust_mozprofileLgDrp7\\search.json.mozlz4", (void 0)))
DevTools listening on ws://localhost:62740/devtools/browser/4abf7d7e-8a62-4948-a095-4c91002ef897
1641313783535	Marionette	INFO	Listening on port 62745
1641313784003	RemoteAgent	WARN	TLS certificate errors will be ignored for this session
1641313818775	Marionette	INFO	Stopped listening on port 62745

###!!! [Parent][MessageChannel] Error: (msgtype=0x39007A,name=PContent::Msg_DestroyBrowsingContextGroup) Closed channel: cannot send/recv


###!!! [Child][MessageChannel] Error: (msgtype=0x39011B,name=PContent::Msg_RecordDiscardedData) Channel closing: too late to send/recv, messages will be lost


###!!! [Child][RunMessage] Error: Channel closing: too late to send/recv, messages will be lost

1641314122981	geckodriver	INFO	Listening on 127.0.0.1:63051
1641314126076	mozrunner::runner	INFO	Running command: "C:\\Program Files\\Mozilla Firefox\\firefox.exe" "--marionette" "--remote-debugging-port" "63052" "-no-remote" "-profile" "C:\\Users\\G3N3RI~1\\AppData\\Local\\Temp\\rust_mozprofile4K6d2v"
1641314126598	Marionette	INFO	Marionette enabled
console.warn: SearchSettings: "get: No settings file exists, new profile?" (new NotFoundError("Could not open the file at C:\\Users\\g3n3ric_us3r\\AppData\\Local\\Temp\\rust_mozprofile4K6d2v\\search.json.mozlz4", (void 0)))
DevTools listening on ws://localhost:63052/devtools/browser/6354ed11-5989-4c6e-ace8-5b4685d2e536
1641314129210	Marionette	INFO	Listening on port 63057
1641314129273	RemoteAgent	WARN	TLS certificate errors will be ignored for this session
1641314163736	Marionette	INFO	Stopped listening on port 63057
[Parent 15448, IPC I/O Parent] WARNING: pipe error: 232: file /builds/worker/checkouts/gecko/ipc/chromium/src/chrome/common/ipc_channel_win.cc:542
1641729173395	geckodriver	INFO	Listening on 127.0.0.1:64091
1641729176459	mozrunner::runner	INFO	Running command: "C:\\Program Files\\Mozilla Firefox\\firefox.exe" "--marionette" "--remote-debugging-port" "64092" "-no-remote" "-profile" "C:\\Users\\G3N3RI~1\\AppData\\Local\\Temp\\rust_mozprofilebBhofY"
1641729176996	Marionette	INFO	Marionette enabled
console.warn: SearchSettings: "get: No settings file exists, new profile?" (new NotFoundError("Could not open the file at C:\\Users\\g3n3ric_us3r\\AppData\\Local\\Temp\\rust_mozprofilebBhofY\\search.json.mozlz4", (void 0)))
DevTools listening on ws://localhost:64092/devtools/browser/63a107d5-5c86-45eb-82d5-97f20713b3c9
1641729179791	Marionette	INFO	Listening on port 64097
1641729180161	RemoteAgent	WARN	TLS certificate errors will be ignored for this session
1641729218156	Marionette	INFO	Stopped listening on port 64097
1641816971946	geckodriver	INFO	Listening on 127.0.0.1:63619
1641816975004	mozrunner::runner	INFO	Running command: "C:\\Program Files\\Mozilla Firefox\\firefox.exe" "--marionette" "--remote-debugging-port" "63620" "-no-remote" "-profile" "C:\\Users\\G3N3RI~1\\AppData\\Local\\Temp\\rust_mozprofile7N92SH"
1641816975441	Marionette	INFO	Marionette enabled
console.warn: SearchSettings: "get: No settings file exists, new profile?" (new NotFoundError("Could not open the file at C:\\Users\\g3n3ric_us3r\\AppData\\Local\\Temp\\rust_mozprofile7N92SH\\search.json.mozlz4", (void 0)))
DevTools listening on ws://localhost:63620/devtools/browser/91b69000-d7cc-499f-a790-dc66b4f3208b
1641816977951	Marionette	INFO	Listening on port 63625
1641816978161	RemoteAgent	WARN	TLS certificate errors will be ignored for this session
1641817015940	Marionette	INFO	Stopped listening on port 63625
[Parent 400, IPC I/O Parent] WARNING: file /builds/worker/checkouts/gecko/ipc/chromium/src/base/process_util_win.cc:167
